<?xml version="1.0" encoding="UTF-8"?>
<!-- Generated by org.testng.reporters.JUnitReportReporter -->
<testsuite skipped="0" hostname="LAPTOP-C8HNI8CE" name="test1.Dynamicjson1" tests="3" failures="0" timestamp="2021-09-11T20:52:46 IST" time="4.224" errors="0">
  <testcase name="addbook" time="0.384" classname="test1.Dynamicjson1"/>
  <system-out/>
  <testcase name="addbook" time="0.358" classname="test1.Dynamicjson1"/>
  <system-out/>
  <testcase name="addbook" time="3.482" classname="test1.Dynamicjson1"/>
  <system-out/>
</testsuite> <!-- test1.Dynamicjson1 -->
