<?xml version="1.0" encoding="UTF-8"?>
<!-- Generated by org.testng.reporters.JUnitReportReporter -->
<testsuite skipped="0" hostname="LAPTOP-C8HNI8CE" name="jira_test.JIRA1" tests="3" failures="0" timestamp="2021-09-14T12:17:40 IST" time="5.090" errors="0">
  <testcase name="jira_login" time="3.890" classname="jira_test.JIRA1"/>
  <system-out/>
  <testcase name="create_issue" time="0.554" classname="jira_test.JIRA1"/>
  <system-out/>
  <testcase name="add_comment" time="0.646" classname="jira_test.JIRA1"/>
  <system-out/>
</testsuite> <!-- jira_test.JIRA1 -->
