<?xml version="1.0" encoding="UTF-8"?>
<!-- Generated by org.testng.reporters.JUnitReportReporter -->
<testsuite skipped="0" hostname="LAPTOP-C8HNI8CE" name="test1.sumvalidations" tests="1" failures="0" timestamp="2021-09-11T13:27:16 IST" time="1.524" errors="0">
  <testcase name="sum_of_courses" time="1.524" classname="test1.sumvalidations"/>
  <system-out/>
</testsuite> <!-- test1.sumvalidations -->
