<?xml version="1.0" encoding="UTF-8"?>
<!-- Generated by org.testng.reporters.JUnitReportReporter -->
<testsuite skipped="0" hostname="LAPTOP-C8HNI8CE" name="jira_test.JIRA_Sessionfilter" tests="1" failures="0" timestamp="2021-09-14T14:29:55 IST" time="14.558" errors="0">
  <testcase name="jira_login" time="14.558" classname="jira_test.JIRA_Sessionfilter"/>
  <system-out/>
</testsuite> <!-- jira_test.JIRA_Sessionfilter -->
